2013-02-06T14:22:26+01:00 EMERG (0): constructor mapper: screenshotMapper
2013-02-06T14:22:26+01:00 EMERG (0): constructor mapper: gameMapper
2013-02-06T14:22:26+01:00 EMERG (0): constructor mapper: tagMapper
2013-02-06T14:22:26+01:00 EMERG (0): constructor mapper: tagMapper
2013-02-06T14:22:26+01:00 EMERG (0): constructor mapper: tagMapper
2013-02-06T14:22:26+01:00 EMERG (0): constructor mapper: tagMapper
2013-02-06T14:22:26+01:00 EMERG (0): constructor mapper: tagMapper
2013-02-06T14:22:26+01:00 EMERG (0): constructor mapper: tagMapper
2013-02-06T14:22:26+01:00 EMERG (0): constructor mapper: tagMapper
2013-02-06T14:22:26+01:00 EMERG (0): constructor mapper: gameMapper
2013-02-06T14:22:26+01:00 EMERG (0): constructor mapper: gameMapper
2013-02-06T14:22:26+01:00 EMERG (0): constructor mapper: gameMapper
2013-02-06T14:22:26+01:00 EMERG (0): constructor mapper: gameMapper
2013-02-10T16:30:41+01:00 EMERG (0): head: development
2013-02-10T16:30:41+01:00 EMERG (0): head: development
2013-02-10T16:31:10+01:00 EMERG (0): 1
2013-02-10T16:31:10+01:00 EMERG (0): 1
2013-02-10T16:32:23+01:00 EMERG (0): 1
2013-02-10T16:32:23+01:00 EMERG (0): 1
2013-02-10T16:32:37+01:00 EMERG (0): 1
2013-02-10T16:32:37+01:00 EMERG (0): 1
2013-02-10T16:32:43+01:00 EMERG (0): 
2013-02-10T16:32:45+01:00 EMERG (0): 
2013-02-10T16:32:50+01:00 EMERG (0): 
2013-02-10T16:32:50+01:00 EMERG (0): 1
2013-02-10T16:32:59+01:00 EMERG (0): 1
2013-02-10T16:32:59+01:00 EMERG (0): 1
2013-02-10T16:33:03+01:00 EMERG (0): 1
2013-02-10T16:33:03+01:00 EMERG (0): 1
2013-02-10T16:33:30+01:00 EMERG (0): 1
2013-02-10T16:33:30+01:00 EMERG (0): 1
2013-02-10T16:34:05+01:00 EMERG (0): 1
2013-02-10T16:34:05+01:00 EMERG (0): 1
2013-02-10T16:39:57+01:00 EMERG (0): 1
2013-02-10T16:39:57+01:00 EMERG (0): 1
2013-02-10T16:42:06+01:00 EMERG (0): 1
2013-02-10T16:42:06+01:00 EMERG (0): 1
2013-02-10T16:42:40+01:00 EMERG (0): 1
2013-02-10T16:42:40+01:00 EMERG (0): 1
